train: n = 1600, m = 24
-------------------------
└──crt(7)
    ├──crt(0)
    │   ├──crt(23)
    │   │   ├──crt(6)
    │   │   │   ├──crt(22)
    │   │   │   │   ├──crt(14)
    │   │   │   │   │   ├──crt(16)
    │   │   │   │   │   │   ├──crt(15)
    │   │   │   │   │   │   │   ├──crt(4)
    │   │   │   │   │   │   │   │   ├──cat(3)
    │   │   │   │   │   │   │   │   └──crt(5)
    │   │   │   │   │   │   │   │       ├──cat(3)
    │   │   │   │   │   │   │   │       └──cat(3)
    │   │   │   │   │   │   │   └──crt(4)
    │   │   │   │   │   │   │       ├──cat(3)
    │   │   │   │   │   │   │       └──cat(3)
    │   │   │   │   │   │   └──cat(3)
    │   │   │   │   │   └──cat(3)
    │   │   │   │   └──crt(4)
    │   │   │   │       ├──crt(20)
    │   │   │   │       │   ├──crt(15)
    │   │   │   │       │   │   ├──crt(16)
    │   │   │   │       │   │   │   ├──crt(14)
    │   │   │   │       │   │   │   │   ├──cat(3)
    │   │   │   │       │   │   │   │   └──cat(3)
    │   │   │   │       │   │   │   └──cat(3)
    │   │   │   │       │   │   └──crt(16)
    │   │   │   │       │   │       ├──crt(14)
    │   │   │   │       │   │       │   ├──cat(3)
    │   │   │   │       │   │       │   └──cat(3)
    │   │   │   │       │   │       └──cat(3)
    │   │   │   │       │   └──crt(16)
    │   │   │   │       │       ├──crt(11)
    │   │   │   │       │       │   ├──crt(19)
    │   │   │   │       │       │   │   ├──crt(15)
    │   │   │   │       │       │   │   │   ├──crt(13)
    │   │   │   │       │       │   │   │   │   ├──cat(3)
    │   │   │   │       │       │   │   │   │   └──cat(3)
    │   │   │   │       │       │   │   │   └──crt(13)
    │   │   │   │       │       │   │   │       ├──cat(1)
    │   │   │   │       │       │   │   │       └──cat(3)
    │   │   │   │       │       │   │   └──crt(15)
    │   │   │   │       │       │   │       ├──crt(14)
    │   │   │   │       │       │   │       │   ├──crt(13)
    │   │   │   │       │       │   │       │   │   ├──cat(3)
    │   │   │   │       │       │   │       │   │   └──cat(3)
    │   │   │   │       │       │   │       │   └──cat(3)
    │   │   │   │       │       │   │       └──crt(13)
    │   │   │   │       │       │   │           ├──crt(18)
    │   │   │   │       │       │   │           │   ├──cat(3)
    │   │   │   │       │       │   │           │   └──crt(14)
    │   │   │   │       │       │   │           │       ├──cat(3)
    │   │   │   │       │       │   │           │       └──cat(3)
    │   │   │   │       │       │   │           └──cat(3)
    │   │   │   │       │       │   └──cat(3)
    │   │   │   │       │       └──cat(3)
    │   │   │   │       └──crt(14)
    │   │   │   │           ├──crt(18)
    │   │   │   │           │   ├──crt(15)
    │   │   │   │           │   │   ├──cat(3)
    │   │   │   │           │   │   └──cat(3)
    │   │   │   │           │   └──crt(15)
    │   │   │   │           │       ├──crt(16)
    │   │   │   │           │       │   ├──crt(20)
    │   │   │   │           │       │   │   ├──cat(3)
    │   │   │   │           │       │   │   └──crt(5)
    │   │   │   │           │       │   │       ├──crt(13)
    │   │   │   │           │       │   │       │   ├──cat(3)
    │   │   │   │           │       │   │       │   └──cat(3)
    │   │   │   │           │       │   │       └──crt(13)
    │   │   │   │           │       │   │           ├──cat(3)
    │   │   │   │           │       │   │           └──cat(3)
    │   │   │   │           │       │   └──crt(20)
    │   │   │   │           │       │       ├──crt(5)
    │   │   │   │           │       │       │   ├──cat(3)
    │   │   │   │           │       │       │   └──cat(3)
    │   │   │   │           │       │       └──cat(3)
    │   │   │   │           │       └──cat(3)
    │   │   │   │           └──crt(20)
    │   │   │   │               ├──crt(15)
    │   │   │   │               │   ├──crt(5)
    │   │   │   │               │   │   ├──crt(16)
    │   │   │   │               │   │   │   ├──cat(3)
    │   │   │   │               │   │   │   └──cat(3)
    │   │   │   │               │   │   └──cat(3)
    │   │   │   │               │   └──crt(5)
    │   │   │   │               │       ├──cat(3)
    │   │   │   │               │       └──cat(3)
    │   │   │   │               └──crt(15)
    │   │   │   │                   ├──cat(3)
    │   │   │   │                   └──crt(5)
    │   │   │   │                       ├──crt(18)
    │   │   │   │                       │   ├──cat(3)
    │   │   │   │                       │   └──cat(3)
    │   │   │   │                       └──cat(3)
    │   │   │   └──cat(1)
    │   │   └──crt(20)
    │   │       ├──crt(4)
    │   │       │   ├──crt(6)
    │   │       │   │   ├──crt(15)
    │   │       │   │   │   ├──crt(14)
    │   │       │   │   │   │   ├──cat(3)
    │   │       │   │   │   │   └──cat(3)
    │   │       │   │   │   └──crt(14)
    │   │       │   │   │       ├──cat(2)
    │   │       │   │   │       └──cat(2)
    │   │       │   │   └──cat(3)
    │   │       │   └──crt(14)
    │   │       │       ├──cat(3)
    │   │       │       └──crt(5)
    │   │       │           ├──crt(16)
    │   │       │           │   ├──cat(3)
    │   │       │           │   └──cat(3)
    │   │       │           └──cat(3)
    │   │       └──crt(6)
    │   │           ├──crt(14)
    │   │           │   ├──crt(21)
    │   │           │   │   ├──cat(3)
    │   │           │   │   └──crt(16)
    │   │           │   │       ├──crt(5)
    │   │           │   │       │   ├──crt(13)
    │   │           │   │       │   │   ├──cat(3)
    │   │           │   │       │   │   └──cat(3)
    │   │           │   │       │   └──crt(15)
    │   │           │   │       │       ├──cat(3)
    │   │           │   │       │       └──crt(13)
    │   │           │   │       │           ├──cat(3)
    │   │           │   │       │           └──cat(3)
    │   │           │   │       └──cat(3)
    │   │           │   └──cat(3)
    │   │           └──cat(3)
    │   └──crt(22)
    │       ├──cat(3)
    │       └──crt(19)
    │           ├──crt(6)
    │           │   ├──crt(4)
    │           │   │   ├──crt(13)
    │           │   │   │   ├──crt(11)
    │           │   │   │   │   ├──crt(16)
    │           │   │   │   │   │   ├──cat(3)
    │           │   │   │   │   │   └──cat(2)
    │           │   │   │   │   └──cat(3)
    │           │   │   │   └──cat(2)
    │           │   │   └──crt(5)
    │           │   │       ├──crt(16)
    │           │   │       │   ├──cat(2)
    │           │   │       │   └──cat(3)
    │           │   │       └──cat(3)
    │           │   └──cat(3)
    │           └──crt(14)
    │               ├──crt(23)
    │               │   ├──crt(1)
    │               │   │   ├──cat(3)
    │               │   │   └──crt(5)
    │               │   │       ├──crt(20)
    │               │   │       │   ├──cat(3)
    │               │   │       │   └──cat(3)
    │               │   │       └──cat(1)
    │               │   └──crt(6)
    │               │       ├──crt(20)
    │               │       │   ├──crt(1)
    │               │       │   │   ├──crt(4)
    │               │       │   │   │   ├──cat(2)
    │               │       │   │   │   └──cat(1)
    │               │       │   │   └──cat(2)
    │               │       │   └──crt(4)
    │               │       │       ├──cat(2)
    │               │       │       └──cat(3)
    │               │       └──cat(3)
    │               └──cat(3)
    └──crt(23)
        ├──crt(4)
        │   ├──crt(1)
        │   │   ├──crt(14)
        │   │   │   ├──crt(8)
        │   │   │   │   ├──crt(15)
        │   │   │   │   │   ├──crt(22)
        │   │   │   │   │   │   ├──cat(1)
        │   │   │   │   │   │   └──crt(18)
        │   │   │   │   │   │       ├──cat(2)
        │   │   │   │   │   │       └──crt(21)
        │   │   │   │   │   │           ├──cat(3)
        │   │   │   │   │   │           └──crt(13)
        │   │   │   │   │   │               ├──cat(3)
        │   │   │   │   │   │               └──cat(3)
        │   │   │   │   │   └──crt(21)
        │   │   │   │   │       ├──cat(2)
        │   │   │   │   │       └──crt(20)
        │   │   │   │   │           ├──cat(2)
        │   │   │   │   │           └──crt(13)
        │   │   │   │   │               ├──cat(2)
        │   │   │   │   │               └──cat(2)
        │   │   │   │   └──crt(13)
        │   │   │   │       ├──crt(15)
        │   │   │   │       │   ├──cat(2)
        │   │   │   │       │   └──crt(20)
        │   │   │   │       │       ├──cat(2)
        │   │   │   │       │       └──crt(21)
        │   │   │   │       │           ├──cat(2)
        │   │   │   │       │           └──cat(2)
        │   │   │   │       └──crt(15)
        │   │   │   │           ├──cat(1)
        │   │   │   │           └──cat(2)
        │   │   │   └──crt(21)
        │   │   │       ├──cat(2)
        │   │   │       └──crt(11)
        │   │   │           ├──crt(17)
        │   │   │           │   ├──cat(3)
        │   │   │           │   └──crt(16)
        │   │   │           │       ├──crt(22)
        │   │   │           │       │   ├──cat(3)
        │   │   │           │       │   └──crt(15)
        │   │   │           │       │       ├──crt(20)
        │   │   │           │       │       │   ├──cat(2)
        │   │   │           │       │       │   └──crt(18)
        │   │   │           │       │       │       ├──cat(3)
        │   │   │           │       │       │       └──cat(2)
        │   │   │           │       │       └──crt(20)
        │   │   │           │       │           ├──crt(8)
        │   │   │           │       │           │   ├──cat(3)
        │   │   │           │       │           │   └──cat(2)
        │   │   │           │       │           └──crt(8)
        │   │   │           │       │               ├──cat(2)
        │   │   │           │       │               └──crt(18)
        │   │   │           │       │                   ├──cat(2)
        │   │   │           │       │                   └──cat(2)
        │   │   │           │       └──crt(15)
        │   │   │           │           ├──cat(2)
        │   │   │           │           └──cat(3)
        │   │   │           └──cat(2)
        │   │   └──crt(8)
        │   │       ├──crt(16)
        │   │       │   ├──crt(19)
        │   │       │   │   ├──crt(13)
        │   │       │   │   │   ├──crt(15)
        │   │       │   │   │   │   ├──cat(3)
        │   │       │   │   │   │   └──cat(3)
        │   │       │   │   │   └──crt(15)
        │   │       │   │   │       ├──cat(3)
        │   │       │   │   │       └──crt(0)
        │   │       │   │   │           ├──cat(3)
        │   │       │   │   │           └──cat(3)
        │   │       │   │   └──crt(0)
        │   │       │   │       ├──crt(15)
        │   │       │   │       │   ├──crt(20)
        │   │       │   │       │   │   ├──crt(14)
        │   │       │   │       │   │   │   ├──cat(2)
        │   │       │   │       │   │   │   └──cat(2)
        │   │       │   │       │   │   └──crt(22)
        │   │       │   │       │   │       ├──cat(2)
        │   │       │   │       │   │       └──crt(11)
        │   │       │   │       │   │           ├──crt(13)
        │   │       │   │       │   │           │   ├──crt(14)
        │   │       │   │       │   │           │   │   ├──cat(3)
        │   │       │   │       │   │           │   │   └──crt(17)
        │   │       │   │       │   │           │   │       ├──cat(2)
        │   │       │   │       │   │           │   │       └──cat(2)
        │   │       │   │       │   │           │   └──cat(3)
        │   │       │   │       │   │           └──cat(3)
        │   │       │   │       │   └──crt(20)
        │   │       │   │       │       ├──crt(14)
        │   │       │   │       │       │   ├──cat(3)
        │   │       │   │       │       │   └──cat(3)
        │   │       │   │       │       └──crt(11)
        │   │       │   │       │           ├──crt(18)
        │   │       │   │       │           │   ├──cat(2)
        │   │       │   │       │           │   └──crt(22)
        │   │       │   │       │           │       ├──crt(14)
        │   │       │   │       │           │       │   ├──cat(3)
        │   │       │   │       │           │       │   └──cat(3)
        │   │       │   │       │           │       └──crt(14)
        │   │       │   │       │           │           ├──cat(3)
        │   │       │   │       │           │           └──cat(2)
        │   │       │   │       │           └──cat(2)
        │   │       │   │       └──crt(11)
        │   │       │   │           ├──crt(22)
        │   │       │   │           │   ├──cat(3)
        │   │       │   │           │   └──crt(15)
        │   │       │   │           │       ├──cat(3)
        │   │       │   │           │       └──crt(14)
        │   │       │   │           │           ├──cat(2)
        │   │       │   │           │           └──cat(3)
        │   │       │   │           └──cat(1)
        │   │       │   └──cat(3)
        │   │       └──crt(0)
        │   │           ├──crt(18)
        │   │           │   ├──cat(3)
        │   │           │   └──crt(22)
        │   │           │       ├──crt(16)
        │   │           │       │   ├──cat(3)
        │   │           │       │   └──cat(3)
        │   │           │       └──crt(11)
        │   │           │           ├──crt(20)
        │   │           │           │   ├──crt(14)
        │   │           │           │   │   ├──cat(3)
        │   │           │           │   │   └──cat(3)
        │   │           │           │   └──crt(14)
        │   │           │           │       ├──crt(16)
        │   │           │           │       │   ├──crt(13)
        │   │           │           │       │   │   ├──cat(3)
        │   │           │           │       │   │   └──cat(3)
        │   │           │           │       │   └──cat(3)
        │   │           │           │       └──cat(3)
        │   │           │           └──cat(3)
        │   │           └──crt(15)
        │   │               ├──cat(3)
        │   │               └──cat(2)
        │   └──crt(14)
        │       ├──crt(21)
        │       │   ├──crt(8)
        │       │   │   ├──cat(3)
        │       │   │   └──crt(5)
        │       │   │       ├──crt(16)
        │       │   │       │   ├──crt(15)
        │       │   │       │   │   ├──crt(0)
        │       │   │       │   │   │   ├──cat(3)
        │       │   │       │   │   │   └──cat(3)
        │       │   │       │   │   └──cat(2)
        │       │   │       │   └──cat(3)
        │       │   │       └──cat(3)
        │       │   └──crt(15)
        │       │       ├──crt(16)
        │       │       │   ├──cat(3)
        │       │       │   └──crt(5)
        │       │       │       ├──cat(2)
        │       │       │       └──cat(3)
        │       │       └──crt(0)
        │       │           ├──crt(22)
        │       │           │   ├──crt(16)
        │       │           │   │   ├──crt(8)
        │       │           │   │   │   ├──cat(3)
        │       │           │   │   │   └──cat(3)
        │       │           │   │   └──cat(3)
        │       │           │   └──cat(3)
        │       │           └──crt(22)
        │       │               ├──cat(2)
        │       │               └──crt(13)
        │       │                   ├──cat(3)
        │       │                   └──cat(1)
        │       └──cat(3)
        └──crt(6)
            ├──crt(15)
            │   ├──crt(4)
            │   │   ├──crt(11)
            │   │   │   ├──crt(2)
            │   │   │   │   ├──cat(2)
            │   │   │   │   └──crt(17)
            │   │   │   │       ├──cat(2)
            │   │   │   │       └──crt(16)
            │   │   │   │           ├──crt(8)
            │   │   │   │           │   ├──crt(0)
            │   │   │   │           │   │   ├──cat(3)
            │   │   │   │           │   │   └──crt(22)
            │   │   │   │           │   │       ├──cat(3)
            │   │   │   │           │   │       └──crt(13)
            │   │   │   │           │   │           ├──crt(20)
            │   │   │   │           │   │           │   ├──cat(2)
            │   │   │   │           │   │           │   └──cat(3)
            │   │   │   │           │   │           └──cat(3)
            │   │   │   │           │   └──crt(0)
            │   │   │   │           │       ├──cat(2)
            │   │   │   │           │       └──crt(22)
            │   │   │   │           │           ├──cat(2)
            │   │   │   │           │           └──crt(14)
            │   │   │   │           │               ├──crt(20)
            │   │   │   │           │               │   ├──cat(3)
            │   │   │   │           │               │   └──crt(13)
            │   │   │   │           │               │       ├──cat(2)
            │   │   │   │           │               │       └──cat(2)
            │   │   │   │           │               └──cat(3)
            │   │   │   │           └──crt(8)
            │   │   │   │               ├──crt(21)
            │   │   │   │               │   ├──cat(2)
            │   │   │   │               │   └──cat(2)
            │   │   │   │               └──cat(3)
            │   │   │   └──cat(2)
            │   │   └──crt(13)
            │   │       ├──crt(21)
            │   │       │   ├──cat(3)
            │   │       │   └──crt(1)
            │   │       │       ├──crt(16)
            │   │       │       │   ├──crt(17)
            │   │       │       │   │   ├──cat(3)
            │   │       │       │   │   └──crt(8)
            │   │       │       │   │       ├──crt(20)
            │   │       │       │   │       │   ├──cat(2)
            │   │       │       │   │       │   └──cat(3)
            │   │       │       │   │       └──crt(14)
            │   │       │       │   │           ├──crt(20)
            │   │       │       │   │           │   ├──cat(3)
            │   │       │       │   │           │   └──cat(3)
            │   │       │       │   │           └──crt(19)
            │   │       │       │   │               ├──cat(3)
            │   │       │       │   │               └──cat(2)
            │   │       │       │   └──cat(3)
            │   │       │       └──crt(5)
            │   │       │           ├──crt(22)
            │   │       │           │   ├──cat(3)
            │   │       │           │   └──cat(2)
            │   │       │           └──cat(3)
            │   │       └──crt(5)
            │   │           ├──crt(0)
            │   │           │   ├──crt(16)
            │   │           │   │   ├──cat(3)
            │   │           │   │   └──cat(2)
            │   │           │   └──crt(8)
            │   │           │       ├──crt(16)
            │   │           │       │   ├──cat(2)
            │   │           │       │   └──cat(1)
            │   │           │       └──cat(1)
            │   │           └──cat(3)
            │   └──crt(8)
            │       ├──crt(4)
            │       │   ├──crt(16)
            │       │   │   ├──crt(19)
            │       │   │   │   ├──cat(3)
            │       │   │   │   └──crt(0)
            │       │   │   │       ├──crt(21)
            │       │   │   │       │   ├──cat(1)
            │       │   │   │       │   └──crt(20)
            │       │   │   │       │       ├──cat(2)
            │       │   │   │       │       └──cat(2)
            │       │   │   │       └──crt(20)
            │       │   │   │           ├──cat(2)
            │       │   │   │           └──crt(14)
            │       │   │   │               ├──crt(21)
            │       │   │   │               │   ├──cat(3)
            │       │   │   │               │   └──cat(2)
            │       │   │   │               └──cat(2)
            │       │   │   └──cat(2)
            │       │   └──crt(14)
            │       │       ├──crt(13)
            │       │       │   ├──crt(22)
            │       │       │   │   ├──crt(1)
            │       │       │   │   │   ├──cat(2)
            │       │       │   │   │   └──crt(0)
            │       │       │   │   │       ├──crt(5)
            │       │       │   │   │       │   ├──cat(2)
            │       │       │   │   │       │   └──cat(3)
            │       │       │   │   │       └──cat(3)
            │       │       │   │   └──crt(0)
            │       │       │   │       ├──crt(16)
            │       │       │   │       │   ├──crt(5)
            │       │       │   │       │   │   ├──cat(2)
            │       │       │   │       │   │   └──cat(3)
            │       │       │   │       │   └──cat(3)
            │       │       │   │       └──cat(3)
            │       │       │   └──crt(5)
            │       │       │       ├──crt(0)
            │       │       │       │   ├──cat(3)
            │       │       │       │   └──crt(16)
            │       │       │       │       ├──cat(3)
            │       │       │       │       └──cat(3)
            │       │       │       └──cat(2)
            │       │       └──cat(1)
            │       └──crt(2)
            │           ├──cat(1)
            │           └──crt(21)
            │               ├──crt(4)
            │               │   ├──crt(0)
            │               │   │   ├──crt(16)
            │               │   │   │   ├──crt(14)
            │               │   │   │   │   ├──cat(2)
            │               │   │   │   │   └──cat(2)
            │               │   │   │   └──cat(2)
            │               │   │   └──cat(2)
            │               │   └──crt(5)
            │               │       ├──cat(2)
            │               │       └──cat(2)
            │               └──crt(4)
            │                   ├──crt(22)
            │                   │   ├──crt(0)
            │                   │   │   ├──crt(14)
            │                   │   │   │   ├──crt(16)
            │                   │   │   │   │   ├──cat(2)
            │                   │   │   │   │   └──cat(2)
            │                   │   │   │   └──crt(16)
            │                   │   │   │       ├──cat(2)
            │                   │   │   │       └──cat(3)
            │                   │   │   └──cat(3)
            │                   │   └──crt(14)
            │                   │       ├──crt(0)
            │                   │       │   ├──crt(16)
            │                   │       │   │   ├──crt(13)
            │                   │       │   │   │   ├──cat(2)
            │                   │       │   │   │   └──cat(2)
            │                   │       │   │   └──crt(13)
            │                   │       │   │       ├──cat(2)
            │                   │       │   │       └──cat(2)
            │                   │       │   └──crt(16)
            │                   │       │       ├──cat(2)
            │                   │       │       └──cat(3)
            │                   │       └──crt(0)
            │                   │           ├──cat(2)
            │                   │           └──cat(1)
            │                   └──crt(17)
            │                       ├──cat(1)
            │                       └──crt(5)
            │                           ├──crt(19)
            │                           │   ├──crt(11)
            │                           │   │   ├──crt(13)
            │                           │   │   │   ├──cat(3)
            │                           │   │   │   └──cat(2)
            │                           │   │   └──cat(2)
            │                           │   └──crt(0)
            │                           │       ├──crt(16)
            │                           │       │   ├──crt(14)
            │                           │       │   │   ├──crt(20)
            │                           │       │   │   │   ├──cat(2)
            │                           │       │   │   │   └──cat(2)
            │                           │       │   │   └──crt(18)
            │                           │       │   │       ├──cat(2)
            │                           │       │   │       └──cat(1)
            │                           │       │   └──cat(3)
            │                           │       └──cat(3)
            │                           └──crt(14)
            │                               ├──crt(22)
            │                               │   ├──cat(2)
            │                               │   └──crt(13)
            │                               │       ├──cat(2)
            │                               │       └──cat(2)
            │                               └──cat(2)
            └──crt(0)
                ├──crt(15)
                │   ├──cat(3)
                │   └──crt(11)
                │       ├──crt(8)
                │       │   ├──cat(3)
                │       │   └──crt(13)
                │       │       ├──crt(22)
                │       │       │   ├──crt(14)
                │       │       │   │   ├──cat(3)
                │       │       │   │   └──cat(2)
                │       │       │   └──cat(3)
                │       │       └──cat(2)
                │       └──cat(2)
                └──crt(20)
                    ├──cat(3)
                    └──crt(1)
                        ├──crt(8)
                        │   ├──crt(14)
                        │   │   ├──crt(22)
                        │   │   │   ├──cat(3)
                        │   │   │   └──crt(15)
                        │   │   │       ├──crt(13)
                        │   │   │       │   ├──cat(3)
                        │   │   │       │   └──crt(16)
                        │   │   │       │       ├──cat(3)
                        │   │   │       │       └──cat(1)
                        │   │   │       └──crt(13)
                        │   │   │           ├──cat(1)
                        │   │   │           └──cat(3)
                        │   │   └──cat(3)
                        │   └──cat(3)
                        └──cat(3)
-------------------------
└──crt(7)
    ├──crt(0)
    │   ├──crt(20)
    │   │   ├──crt(4)
    │   │   │   ├──crt(23)
    │   │   │   │   ├──crt(6)
    │   │   │   │   │   ├──crt(15)
    │   │   │   │   │   │   ├──crt(16)
    │   │   │   │   │   │   │   ├──crt(14)
    │   │   │   │   │   │   │   │   ├──cat(3)
    │   │   │   │   │   │   │   │   └──cat(3)
    │   │   │   │   │   │   │   └──cat(3)
    │   │   │   │   │   │   └──crt(16)
    │   │   │   │   │   │       ├──crt(14)
    │   │   │   │   │   │       │   ├──cat(3)
    │   │   │   │   │   │       │   └──cat(3)
    │   │   │   │   │   │       └──cat(3)
    │   │   │   │   │   └──cat(1)
    │   │   │   │   └──crt(15)
    │   │   │   │       ├──crt(6)
    │   │   │   │       │   ├──crt(14)
    │   │   │   │       │   │   ├──cat(3)
    │   │   │   │       │   │   └──cat(3)
    │   │   │   │       │   └──cat(3)
    │   │   │   │       └──crt(6)
    │   │   │   │           ├──crt(14)
    │   │   │   │           │   ├──cat(2)
    │   │   │   │           │   └──cat(2)
    │   │   │   │           └──cat(3)
    │   │   │   └──crt(14)
    │   │   │       ├──crt(16)
    │   │   │       │   ├──cat(3)
    │   │   │       │   └──crt(5)
    │   │   │       │       ├──cat(3)
    │   │   │       │       └──cat(3)
    │   │   │       └──crt(15)
    │   │   │           ├──crt(5)
    │   │   │           │   ├──crt(16)
    │   │   │           │   │   ├──crt(23)
    │   │   │           │   │   │   ├──cat(3)
    │   │   │           │   │   │   └──cat(3)
    │   │   │           │   │   └──cat(3)
    │   │   │           │   └──cat(3)
    │   │   │           └──crt(5)
    │   │   │               ├──cat(3)
    │   │   │               └──cat(3)
    │   │   └──crt(16)
    │   │       ├──crt(23)
    │   │       │   ├──crt(6)
    │   │       │   │   ├──crt(4)
    │   │       │   │   │   ├──crt(19)
    │   │       │   │   │   │   ├──crt(15)
    │   │       │   │   │   │   │   ├──crt(13)
    │   │       │   │   │   │   │   │   ├──crt(11)
    │   │       │   │   │   │   │   │   │   ├──cat(3)
    │   │       │   │   │   │   │   │   │   └──cat(3)
    │   │       │   │   │   │   │   │   └──cat(3)
    │   │       │   │   │   │   │   └──crt(13)
    │   │       │   │   │   │   │       ├──cat(1)
    │   │       │   │   │   │   │       └──cat(3)
    │   │       │   │   │   │   └──crt(15)
    │   │       │   │   │   │       ├──crt(14)
    │   │       │   │   │   │       │   ├──crt(22)
    │   │       │   │   │   │       │   │   ├──cat(3)
    │   │       │   │   │   │       │   │   └──crt(13)
    │   │       │   │   │   │       │   │       ├──cat(3)
    │   │       │   │   │   │       │   │       └──cat(3)
    │   │       │   │   │   │       │   └──cat(3)
    │   │       │   │   │   │       └──crt(22)
    │   │       │   │   │   │           ├──crt(14)
    │   │       │   │   │   │           │   ├──cat(3)
    │   │       │   │   │   │           │   └──cat(3)
    │   │       │   │   │   │           └──crt(11)
    │   │       │   │   │   │               ├──crt(13)
    │   │       │   │   │   │               │   ├──crt(18)
    │   │       │   │   │   │               │   │   ├──cat(3)
    │   │       │   │   │   │               │   │   └──crt(14)
    │   │       │   │   │   │               │   │       ├──cat(3)
    │   │       │   │   │   │               │   │       └──cat(3)
    │   │       │   │   │   │               │   └──cat(3)
    │   │       │   │   │   │               └──cat(3)
    │   │       │   │   │   └──crt(21)
    │   │       │   │   │       ├──crt(5)
    │   │       │   │   │       │   ├──cat(3)
    │   │       │   │   │       │   └──crt(14)
    │   │       │   │   │       │       ├──crt(15)
    │   │       │   │   │       │       │   ├──cat(3)
    │   │       │   │   │       │       │   └──cat(3)
    │   │       │   │   │       │       └──cat(3)
    │   │       │   │   │       └──crt(15)
    │   │       │   │   │           ├──crt(22)
    │   │       │   │   │           │   ├──crt(5)
    │   │       │   │   │           │   │   ├──crt(14)
    │   │       │   │   │           │   │   │   ├──cat(3)
    │   │       │   │   │           │   │   │   └──cat(3)
    │   │       │   │   │           │   │   └──cat(3)
    │   │       │   │   │           │   └──crt(5)
    │   │       │   │   │           │       ├──crt(13)
    │   │       │   │   │           │       │   ├──cat(3)
    │   │       │   │   │           │       │   └──cat(3)
    │   │       │   │   │           │       └──cat(3)
    │   │       │   │   │           └──crt(22)
    │   │       │   │   │               ├──cat(3)
    │   │       │   │   │               └──crt(13)
    │   │       │   │   │                   ├──crt(5)
    │   │       │   │   │                   │   ├──crt(18)
    │   │       │   │   │                   │   │   ├──cat(3)
    │   │       │   │   │                   │   │   └──cat(3)
    │   │       │   │   │                   │   └──cat(3)
    │   │       │   │   │                   └──crt(18)
    │   │       │   │   │                       ├──cat(3)
    │   │       │   │   │                       └──cat(3)
    │   │       │   │   └──cat(1)
    │   │       │   └──crt(5)
    │   │       │       ├──crt(22)
    │   │       │       │   ├──cat(3)
    │   │       │       │   └──cat(3)
    │   │       │       └──crt(15)
    │   │       │           ├──cat(3)
    │   │       │           └──crt(13)
    │   │       │               ├──cat(3)
    │   │       │               └──crt(6)
    │   │       │                   ├──cat(3)
    │   │       │                   └──cat(3)
    │   │       └──cat(3)
    │   └──crt(22)
    │       ├──cat(3)
    │       └──crt(6)
    │           ├──crt(16)
    │           │   ├──crt(19)
    │           │   │   ├──crt(5)
    │           │   │   │   ├──cat(2)
    │           │   │   │   └──crt(15)
    │           │   │   │       ├──crt(13)
    │           │   │   │       │   ├──cat(3)
    │           │   │   │       │   └──cat(2)
    │           │   │   │       └──cat(3)
    │           │   │   └──crt(14)
    │           │   │       ├──crt(23)
    │           │   │       │   ├──crt(1)
    │           │   │       │   │   ├──cat(3)
    │           │   │       │   │   └──crt(5)
    │           │   │       │   │       ├──crt(20)
    │           │   │       │   │       │   ├──cat(3)
    │           │   │       │   │       │   └──cat(3)
    │           │   │       │   │       └──cat(1)
    │           │   │       │   └──crt(1)
    │           │   │       │       ├──crt(20)
    │           │   │       │       │   ├──cat(1)
    │           │   │       │       │   └──crt(4)
    │           │   │       │       │       ├──cat(2)
    │           │   │       │       │       └──cat(3)
    │           │   │       │       └──cat(2)
    │           │   │       └──cat(3)
    │           │   └──crt(4)
    │           │       ├──cat(2)
    │           │       └──cat(3)
    │           └──cat(3)
    └──crt(23)
        ├──crt(4)
        │   ├──crt(1)
        │   │   ├──crt(21)
        │   │   │   ├──crt(15)
        │   │   │   │   ├──crt(8)
        │   │   │   │   │   ├──crt(14)
        │   │   │   │   │   │   ├──cat(3)
        │   │   │   │   │   │   └──cat(2)
        │   │   │   │   │   └──cat(2)
        │   │   │   │   └──crt(14)
        │   │   │   │       ├──crt(8)
        │   │   │   │       │   ├──cat(2)
        │   │   │   │       │   └──cat(2)
        │   │   │   │       └──cat(2)
        │   │   │   └──crt(8)
        │   │   │       ├──crt(15)
        │   │   │       │   ├──crt(11)
        │   │   │       │   │   ├──crt(22)
        │   │   │       │   │   │   ├──crt(14)
        │   │   │       │   │   │   │   ├──cat(1)
        │   │   │       │   │   │   │   └──cat(3)
        │   │   │       │   │   │   └──crt(17)
        │   │   │       │   │   │       ├──cat(3)
        │   │   │       │   │   │       └──crt(14)
        │   │   │       │   │   │           ├──crt(18)
        │   │   │       │   │   │           │   ├──cat(2)
        │   │   │       │   │   │           │   └──crt(13)
        │   │   │       │   │   │           │       ├──cat(3)
        │   │   │       │   │   │           │       └──cat(3)
        │   │   │       │   │   │           └──crt(18)
        │   │   │       │   │   │               ├──cat(3)
        │   │   │       │   │   │               └──crt(19)
        │   │   │       │   │   │                   ├──crt(16)
        │   │   │       │   │   │                   │   ├──cat(2)
        │   │   │       │   │   │                   │   └──cat(2)
        │   │   │       │   │   │                   └──cat(2)
        │   │   │       │   │   └──cat(2)
        │   │   │       │   └──crt(20)
        │   │   │       │       ├──crt(14)
        │   │   │       │       │   ├──cat(2)
        │   │   │       │       │   └──cat(3)
        │   │   │       │       └──crt(16)
        │   │   │       │           ├──crt(14)
        │   │   │       │           │   ├──crt(13)
        │   │   │       │           │   │   ├──cat(2)
        │   │   │       │           │   │   └──cat(2)
        │   │   │       │           │   └──cat(2)
        │   │   │       │           └──cat(3)
        │   │   │       └──crt(19)
        │   │   │           ├──crt(15)
        │   │   │           │   ├──cat(1)
        │   │   │           │   └──crt(16)
        │   │   │           │       ├──crt(13)
        │   │   │           │       │   ├──cat(2)
        │   │   │           │       │   └──cat(2)
        │   │   │           │       └──cat(3)
        │   │   │           └──crt(22)
        │   │   │               ├──crt(15)
        │   │   │               │   ├──cat(2)
        │   │   │               │   └──cat(2)
        │   │   │               └──crt(14)
        │   │   │                   ├──cat(2)
        │   │   │                   └──crt(15)
        │   │   │                       ├──cat(2)
        │   │   │                       └──crt(18)
        │   │   │                           ├──cat(2)
        │   │   │                           └──cat(2)
        │   │   └──crt(8)
        │   │       ├──crt(16)
        │   │       │   ├──crt(19)
        │   │       │   │   ├──crt(13)
        │   │       │   │   │   ├──crt(15)
        │   │       │   │   │   │   ├──cat(3)
        │   │       │   │   │   │   └──cat(3)
        │   │       │   │   │   └──crt(15)
        │   │       │   │   │       ├──cat(3)
        │   │       │   │   │       └──crt(0)
        │   │       │   │   │           ├──cat(3)
        │   │       │   │   │           └──cat(3)
        │   │       │   │   └──crt(0)
        │   │       │   │       ├──crt(15)
        │   │       │   │       │   ├──crt(20)
        │   │       │   │       │   │   ├──crt(14)
        │   │       │   │       │   │   │   ├──cat(2)
        │   │       │   │       │   │   │   └──cat(2)
        │   │       │   │       │   │   └──crt(22)
        │   │       │   │       │   │       ├──cat(2)
        │   │       │   │       │   │       └──crt(11)
        │   │       │   │       │   │           ├──crt(14)
        │   │       │   │       │   │           │   ├──crt(13)
        │   │       │   │       │   │           │   │   ├──cat(3)
        │   │       │   │       │   │           │   │   └──cat(3)
        │   │       │   │       │   │           │   └──crt(17)
        │   │       │   │       │   │           │       ├──cat(2)
        │   │       │   │       │   │           │       └──cat(2)
        │   │       │   │       │   │           └──cat(3)
        │   │       │   │       │   └──crt(11)
        │   │       │   │       │       ├──crt(18)
        │   │       │   │       │       │   ├──cat(2)
        │   │       │   │       │       │   └──crt(14)
        │   │       │   │       │       │       ├──crt(20)
        │   │       │   │       │       │       │   ├──cat(3)
        │   │       │   │       │       │       │   └──crt(21)
        │   │       │   │       │       │       │       ├──cat(3)
        │   │       │   │       │       │       │       └──cat(3)
        │   │       │   │       │       │       └──crt(17)
        │   │       │   │       │       │           ├──cat(2)
        │   │       │   │       │       │           └──crt(20)
        │   │       │   │       │       │               ├──cat(3)
        │   │       │   │       │       │               └──cat(3)
        │   │       │   │       │       └──cat(2)
        │   │       │   │       └──crt(11)
        │   │       │   │           ├──crt(22)
        │   │       │   │           │   ├──cat(3)
        │   │       │   │           │   └──crt(15)
        │   │       │   │           │       ├──cat(3)
        │   │       │   │           │       └──crt(14)
        │   │       │   │           │           ├──cat(2)
        │   │       │   │           │           └──cat(3)
        │   │       │   │           └──cat(1)
        │   │       │   └──cat(3)
        │   │       └──crt(0)
        │   │           ├──crt(22)
        │   │           │   ├──crt(16)
        │   │           │   │   ├──cat(3)
        │   │           │   │   └──cat(3)
        │   │           │   └──crt(20)
        │   │           │       ├──crt(11)
        │   │           │       │   ├──crt(14)
        │   │           │       │   │   ├──cat(3)
        │   │           │       │   │   └──cat(3)
        │   │           │       │   └──cat(3)
        │   │           │       └──crt(14)
        │   │           │           ├──crt(16)
        │   │           │           │   ├──crt(18)
        │   │           │           │   │   ├──cat(3)
        │   │           │           │   │   └──crt(13)
        │   │           │           │   │       ├──cat(3)
        │   │           │           │   │       └──cat(3)
        │   │           │           │   └──cat(3)
        │   │           │           └──cat(3)
        │   │           └──crt(15)
        │   │               ├──cat(3)
        │   │               └──cat(2)
        │   └──crt(21)
        │       ├──crt(8)
        │       │   ├──cat(3)
        │       │   └──crt(5)
        │       │       ├──crt(14)
        │       │       │   ├──crt(16)
        │       │       │   │   ├──crt(15)
        │       │       │   │   │   ├──crt(0)
        │       │       │   │   │   │   ├──cat(3)
        │       │       │   │   │   │   └──cat(3)
        │       │       │   │   │   └──cat(2)
        │       │       │   │   └──cat(3)
        │       │       │   └──cat(3)
        │       │       └──crt(14)
        │       │           ├──cat(3)
        │       │           └──cat(3)
        │       └──crt(15)
        │           ├──crt(16)
        │           │   ├──cat(3)
        │           │   └──crt(0)
        │           │       ├──crt(5)
        │           │       │   ├──cat(2)
        │           │       │   └──cat(3)
        │           │       └──cat(3)
        │           └──crt(0)
        │               ├──crt(22)
        │               │   ├──crt(16)
        │               │   │   ├──crt(8)
        │               │   │   │   ├──cat(3)
        │               │   │   │   └──cat(3)
        │               │   │   └──cat(3)
        │               │   └──cat(3)
        │               └──crt(22)
        │                   ├──cat(2)
        │                   └──crt(13)
        │                       ├──cat(3)
        │                       └──cat(1)
        └──crt(6)
            ├──crt(8)
            │   ├──crt(4)
            │   │   ├──crt(16)
            │   │   │   ├──crt(19)
            │   │   │   │   ├──crt(15)
            │   │   │   │   │   ├──crt(0)
            │   │   │   │   │   │   ├──cat(3)
            │   │   │   │   │   │   └──cat(3)
            │   │   │   │   │   └──cat(3)
            │   │   │   │   └──crt(1)
            │   │   │   │       ├──crt(22)
            │   │   │   │       │   ├──crt(15)
            │   │   │   │       │   │   ├──cat(3)
            │   │   │   │       │   │   └──cat(2)
            │   │   │   │       │   └──crt(20)
            │   │   │   │       │       ├──crt(15)
            │   │   │   │       │       │   ├──cat(2)
            │   │   │   │       │       │   └──cat(2)
            │   │   │   │       │       └──crt(14)
            │   │   │   │       │           ├──crt(15)
            │   │   │   │       │           │   ├──cat(3)
            │   │   │   │       │           │   └──cat(3)
            │   │   │   │       │           └──cat(2)
            │   │   │   │       └──crt(21)
            │   │   │   │           ├──cat(1)
            │   │   │   │           └──crt(20)
            │   │   │   │               ├──crt(0)
            │   │   │   │               │   ├──crt(15)
            │   │   │   │               │   │   ├──cat(3)
            │   │   │   │               │   │   └──cat(2)
            │   │   │   │               │   └──cat(2)
            │   │   │   │               └──cat(2)
            │   │   │   └──crt(21)
            │   │   │       ├──cat(2)
            │   │   │       └──cat(2)
            │   │   └──crt(21)
            │   │       ├──cat(3)
            │   │       └──crt(16)
            │   │           ├──crt(14)
            │   │           │   ├──crt(5)
            │   │           │   │   ├──crt(13)
            │   │           │   │   │   ├──crt(0)
            │   │           │   │   │   │   ├──cat(2)
            │   │           │   │   │   │   └──crt(20)
            │   │           │   │   │   │       ├──crt(1)
            │   │           │   │   │   │       │   ├──crt(15)
            │   │           │   │   │   │       │   │   ├──cat(2)
            │   │           │   │   │   │       │   │   └──cat(3)
            │   │           │   │   │   │       │   └──cat(2)
            │   │           │   │   │   │       └──crt(15)
            │   │           │   │   │   │           ├──cat(3)
            │   │           │   │   │   │           └──crt(1)
            │   │           │   │   │   │               ├──cat(2)
            │   │           │   │   │   │               └──cat(3)
            │   │           │   │   │   └──crt(15)
            │   │           │   │   │       ├──cat(2)
            │   │           │   │   │       └──crt(0)
            │   │           │   │   │           ├──cat(3)
            │   │           │   │   │           └──cat(3)
            │   │           │   │   └──crt(0)
            │   │           │   │       ├──crt(13)
            │   │           │   │       │   ├──cat(3)
            │   │           │   │       │   └──cat(2)
            │   │           │   │       └──cat(3)
            │   │           │   └──crt(0)
            │   │           │       ├──cat(1)
            │   │           │       └──cat(3)
            │   │           └──crt(13)
            │   │               ├──cat(3)
            │   │               └──crt(15)
            │   │                   ├──cat(1)
            │   │                   └──cat(3)
            │   └──crt(15)
            │       ├──crt(11)
            │       │   ├──crt(4)
            │       │   │   ├──crt(16)
            │       │   │   │   ├──crt(0)
            │       │   │   │   │   ├──cat(2)
            │       │   │   │   │   └──crt(22)
            │       │   │   │   │       ├──cat(2)
            │       │   │   │   │       └──crt(14)
            │       │   │   │   │           ├──crt(20)
            │       │   │   │   │           │   ├──cat(3)
            │       │   │   │   │           │   └──crt(13)
            │       │   │   │   │           │       ├──cat(2)
            │       │   │   │   │           │       └──cat(2)
            │       │   │   │   │           └──cat(3)
            │       │   │   │   └──cat(3)
            │       │   │   └──crt(5)
            │       │   │       ├──crt(0)
            │       │   │       │   ├──crt(22)
            │       │   │       │   │   ├──cat(3)
            │       │   │       │   │   └──crt(13)
            │       │   │       │   │       ├──cat(2)
            │       │   │       │   │       └──crt(16)
            │       │   │       │   │           ├──cat(3)
            │       │   │       │   │           └──cat(2)
            │       │   │       │   └──crt(13)
            │       │   │       │       ├──crt(20)
            │       │   │       │       │   ├──cat(3)
            │       │   │       │       │   └──crt(17)
            │       │   │       │       │       ├──cat(3)
            │       │   │       │       │       └──crt(14)
            │       │   │       │       │           ├──cat(3)
            │       │   │       │       │           └──crt(19)
            │       │   │       │       │               ├──cat(3)
            │       │   │       │       │               └──cat(2)
            │       │   │       │       └──cat(1)
            │       │   │       └──cat(3)
            │       │   └──cat(2)
            │       └──crt(2)
            │           ├──cat(1)
            │           └──crt(4)
            │               ├──crt(20)
            │               │   ├──crt(14)
            │               │   │   ├──crt(0)
            │               │   │   │   ├──crt(16)
            │               │   │   │   │   ├──cat(2)
            │               │   │   │   │   └──cat(2)
            │               │   │   │   └──crt(16)
            │               │   │   │       ├──cat(2)
            │               │   │   │       └──cat(3)
            │               │   │   └──crt(0)
            │               │   │       ├──cat(2)
            │               │   │       └──cat(1)
            │               │   └──crt(22)
            │               │       ├──crt(0)
            │               │       │   ├──crt(14)
            │               │       │   │   ├──crt(16)
            │               │       │   │   │   ├──cat(2)
            │               │       │   │   │   └──cat(2)
            │               │       │   │   └──crt(16)
            │               │       │   │       ├──cat(2)
            │               │       │   │       └──cat(3)
            │               │       │   └──cat(3)
            │               │       └──crt(0)
            │               │           ├──crt(14)
            │               │           │   ├──crt(16)
            │               │           │   │   ├──crt(13)
            │               │           │   │   │   ├──cat(2)
            │               │           │   │   │   └──cat(2)
            │               │           │   │   └──crt(13)
            │               │           │   │       ├──cat(2)
            │               │           │   │       └──cat(2)
            │               │           │   └──crt(21)
            │               │           │       ├──cat(2)
            │               │           │       └──cat(2)
            │               │           └──cat(2)
            │               └──crt(21)
            │                   ├──crt(5)
            │                   │   ├──cat(2)
            │                   │   └──cat(2)
            │                   └──crt(17)
            │                       ├──cat(1)
            │                       └──crt(0)
            │                           ├──crt(16)
            │                           │   ├──crt(14)
            │                           │   │   ├──crt(22)
            │                           │   │   │   ├──crt(5)
            │                           │   │   │   │   ├──cat(2)
            │                           │   │   │   │   └──cat(2)
            │                           │   │   │   └──crt(13)
            │                           │   │   │       ├──crt(5)
            │                           │   │   │       │   ├──cat(2)
            │                           │   │   │       │   └──cat(2)
            │                           │   │   │       └──crt(5)
            │                           │   │   │           ├──cat(2)
            │                           │   │   │           └──cat(2)
            │                           │   │   └──crt(19)
            │                           │   │       ├──crt(11)
            │                           │   │       │   ├──cat(3)
            │                           │   │       │   └──cat(2)
            │                           │   │       └──crt(5)
            │                           │   │           ├──crt(18)
            │                           │   │           │   ├──cat(2)
            │                           │   │           │   └──cat(1)
            │                           │   │           └──cat(2)
            │                           │   └──cat(3)
            │                           └──cat(3)
            └──crt(11)
                ├──crt(22)
                │   ├──crt(8)
                │   │   ├──cat(3)
                │   │   └──crt(14)
                │   │       ├──crt(0)
                │   │       │   ├──cat(3)
                │   │       │   └──cat(3)
                │   │       └──cat(2)
                │   └──crt(13)
                │       ├──crt(1)
                │       │   ├──crt(15)
                │       │   │   ├──cat(3)
                │       │   │   └──crt(20)
                │       │   │       ├──cat(3)
                │       │   │       └──cat(1)
                │       │   └──cat(3)
                │       └──crt(16)
                │           ├──crt(0)
                │           │   ├──crt(8)
                │           │   │   ├──cat(3)
                │           │   │   └──crt(15)
                │           │   │       ├──cat(3)
                │           │   │       └──cat(2)
                │           │   └──cat(3)
                │           └──crt(0)
                │               ├──cat(3)
                │               └──crt(15)
                │                   ├──cat(1)
                │                   └──cat(3)
                └──crt(8)
                    ├──cat(2)
                    └──cat(3)
-------------------------
test: n = 400, m = 24
Accuracy
  ID3: 0.77500
  CART: 0.78500
